********************************************************************************
DUPLICATOR-LITE PACKAGE-LOG: 5 de May de 2023 13:24
NOTICE: Do NOT post to public sites or forums 
********************************************************************************
VERSION:	1.5.3.1
WORDPRESS:	6.2
PHP INFO:	8.1.12 | SAPI: apache2handler
SERVER:		Apache/2.4.54 (Win64) OpenSSL/1.1.1p PHP/8.1.12 
PHP TIME LIMIT: (0) no time limit imposed 
PHP MAX MEMORY: 4294967296 (512M default) 
MEMORY STACK: 58MB

********************************************************************************
DATABASE:
********************************************************************************
BUILD MODE:   MYSQLDUMP
MYSQLTIMEOUT: 5000
MYSQLDUMP:    Is Supported
SQL CREATED: 20230502_vidazen_cf0068ab163e95051815_20230505132424_database.sql
SQL FILE SIZE: 3.15MB (3302169)
SQL FILE TIME: 2023-05-05 13:24:51
SQL RUNTIME: 6.92 sec.

********************************************************************************
ARCHIVE (ZIP):
********************************************************************************
ARCHIVE DIR:  C:/xampp/htdocs/vidazen
ARCHIVE FILE: 20230502_vidazen_cf0068ab163e95051815_20230505132424_archive.zip
FILTERS: *OFF*
DIRS:
	not set
FILES:
	not set
EXTS:  not set
----------------------------------------
COMPRESSING
SIZE:	111.34MB
STATS:	Dirs 1,193 | Files 6,091
SQL ADDED: 20230502_vidazen_cf0068ab163e95051815_20230505132424_database.sql
ZipArchive Object
(
    [lastId] => 7283
    [status] => 0
    [statusSys] => 0
    [numFiles] => 7284
    [filename] => C:\xampp\htdocs\vidazen\wp-content\backups-dup-lite\tmp\20230502_vidazen_cf0068ab163e95051815_20230505132424_archive.zip
    [comment] => 
)

FILE ADDED TO ZIP: 7283
COMPRESSION RESULT: '1'
COMPRESSED SIZE: 38.26MB
ARCHIVE RUNTIME: 6.03 sec.
MEMORY STACK: 60MB
building installer
ARCHIVE CONSISTENCY TEST: PASS

********************************************************************************
INTEGRITY CHECKS:
********************************************************************************
SQL FILE: 3.15MB
INSTALLER FILE: 73.35KB
ARCHIVE FILE: 40.13MB 
EXPECTED FILE/DIRECTORY COUNT: 7,284
ACTUAL FILE/DIRECTORY COUNT: 7,283
ARCHIVE CONSISTENCY TEST: Pass

********************************************************************************
RECORD ID:[14]
TOTAL PROCESS RUNTIME: 13.68 sec.
PEAK PHP MEMORY USED: 62MB
DONE PROCESSING => 20230502_vidazen 5 de May de 2023 13:24

